In file included from [01m[K/home/autolabor/catkin_ws/src/navigation/path_mark_plugin/src/path_mark_plugin.cpp:7:0[m[K:
[01m[K/home/autolabor/catkin_ws/src/navigation/path_mark_plugin/include/path_mark_plugin/path_mark_plugin.h:55:9:[m[K [01;31m[Kerror: [m[K‚Äò[01m[KQTableWidget[m[K‚Äô does not name a type; did you mean ‚Äò[01m[KQWidget[m[K‚Äô?
         [01;31m[KQTableWidget[m[K *poseArray_table_;
         [01;31m[K^~~~~~~~~~~~[m[K
         [32m[KQWidget[m[K
[01m[K/home/autolabor/catkin_ws/src/navigation/path_mark_plugin/include/path_mark_plugin/path_mark_plugin.h:56:9:[m[K [01;31m[Kerror: [m[K‚Äò[01m[KQCheckBox[m[K‚Äô does not name a type; did you mean ‚Äò[01m[KqChecksum[m[K‚Äô?
         [01;31m[KQCheckBox[m[K *cycle_checkbox_;
         [01;31m[K^~~~~~~~~[m[K
         [32m[KqChecksum[m[K
[01m[K/home/autolabor/catkin_ws/src/navigation/path_mark_plugin/include/path_mark_plugin/path_mark_plugin.h:57:9:[m[K [01;31m[Kerror: [m[K‚Äò[01m[KQTableWidgetItem[m[K‚Äô does not name a type; did you mean ‚Äò[01m[KQWidgetItem[m[K‚Äô?
         [01;31m[KQTableWidgetItem[m[K*item_;
         [01;31m[K^~~~~~~~~~~~~~~~[m[K
         [32m[KQWidgetItem[m[K
[01m[K/home/autolabor/catkin_ws/src/navigation/path_mark_plugin/src/path_mark_plugin.cpp:12:5:[m[K [01;31m[Kerror: [m[K‚Äò[01m[KPathMarkPlugin[m[K‚Äô does not name a type; did you mean ‚Äò[01m[KPathRvizPlugin[m[K‚Äô?
     [01;31m[KPathMarkPlugin[m[K::PathMarkPlugin(QWidget *parent) : Panel(parent) {
     [01;31m[K^~~~~~~~~~~~~~[m[K
     [32m[KPathRvizPlugin[m[K
[01m[K/home/autolabor/catkin_ws/src/navigation/path_mark_plugin/src/path_mark_plugin.cpp:64:10:[m[K [01;31m[Kerror: [m[K‚Äò[01m[KPathMarkPlugin[m[K‚Äô has not been declared
     void [01;31m[KPathMarkPlugin[m[K::load(const rviz::Config &config) {
          [01;31m[K^~~~~~~~~~~~~~[m[K
[01m[K/home/autolabor/catkin_ws/src/navigation/path_mark_plugin/src/path_mark_plugin.cpp:[m[K In function ‚Äò[01m[Kvoid autolabor_plugin::load(const rviz::Config&)[m[K‚Äô:
[01m[K/home/autolabor/catkin_ws/src/navigation/path_mark_plugin/src/path_mark_plugin.cpp:65:9:[m[K [01;31m[Kerror: [m[K‚Äò[01m[KPanel[m[K‚Äô has not been declared
         [01;31m[KPanel[m[K::load(config);
         [01;31m[K^~~~~[m[K
[01m[K/home/autolabor/catkin_ws/src/navigation/path_mark_plugin/src/path_mark_plugin.cpp:[m[K At global scope:
[01m[K/home/autolabor/catkin_ws/src/navigation/path_mark_plugin/src/path_mark_plugin.cpp:68:10:[m[K [01;31m[Kerror: [m[K‚Äò[01m[KPathMarkPlugin[m[K‚Äô has not been declared
     void [01;31m[KPathMarkPlugin[m[K::save(rviz::Config config) const {
          [01;31m[K^~~~~~~~~~~~~~[m[K
[01m[K/home/autolabor/catkin_ws/src/navigation/path_mark_plugin/src/path_mark_plugin.cpp:68:52:[m[K [01;31m[Kerror: [m[Knon-member function ‚Äò[01m[Kvoid autolabor_plugin::save(rviz::Config)[m[K‚Äô cannot have cv-qualifier
     void PathMarkPlugin::save(rviz::Config config) [01;31m[Kconst[m[K {
                                                    [01;31m[K^~~~~[m[K
[01m[K/home/autolabor/catkin_ws/src/navigation/path_mark_plugin/src/path_mark_plugin.cpp:[m[K In function ‚Äò[01m[Kvoid autolabor_plugin::save(rviz::Config)[m[K‚Äô:
[01m[K/home/autolabor/catkin_ws/src/navigation/path_mark_plugin/src/path_mark_plugin.cpp:69:9:[m[K [01;31m[Kerror: [m[K‚Äò[01m[KPanel[m[K‚Äô has not been declared
         [01;31m[KPanel[m[K::save(config);
         [01;31m[K^~~~~[m[K
[01m[K/home/autolabor/catkin_ws/src/navigation/path_mark_plugin/src/path_mark_plugin.cpp:[m[K At global scope:
[01m[K/home/autolabor/catkin_ws/src/navigation/path_mark_plugin/src/path_mark_plugin.cpp:72:10:[m[K [01;31m[Kerror: [m[K‚Äò[01m[KPathMarkPlugin[m[K‚Äô has not been declared
     void [01;31m[KPathMarkPlugin[m[K::start_record_callback() {
          [01;31m[K^~~~~~~~~~~~~~[m[K
[01m[K/home/autolabor/catkin_ws/src/navigation/path_mark_plugin/src/path_mark_plugin.cpp:[m[K In function ‚Äò[01m[Kvoid autolabor_plugin::start_record_callback()[m[K‚Äô:
[01m[K/home/autolabor/catkin_ws/src/navigation/path_mark_plugin/src/path_mark_plugin.cpp:75:14:[m[K [01;31m[Kerror: [m[K‚Äò[01m[Kstart_record_client_[m[K‚Äô was not declared in this scope
         if (![01;31m[Kstart_record_client_[m[K.call(msg)) {
              [01;31m[K^~~~~~~~~~~~~~~~~~~~[m[K
[01m[K/home/autolabor/catkin_ws/src/navigation/path_mark_plugin/src/path_mark_plugin.cpp:75:14:[m[K [01;36m[Knote: [m[Ksuggested alternative: ‚Äò[01m[Kstart_record_callback[m[K‚Äô
         if (![01;36m[Kstart_record_client_[m[K.call(msg)) {
              [01;36m[K^~~~~~~~~~~~~~~~~~~~[m[K
              [32m[Kstart_record_callback[m[K
[01m[K/home/autolabor/catkin_ws/src/navigation/path_mark_plugin/src/path_mark_plugin.cpp:78:13:[m[K [01;31m[Kerror: [m[K‚Äò[01m[Kstop_record_button_[m[K‚Äô was not declared in this scope
             [01;31m[Kstop_record_button_[m[K->setEnabled(true);
             [01;31m[K^~~~~~~~~~~~~~~~~~~[m[K
In file included from [01m[K/opt/autolabor/ros/catkin_ws/build/path_mark_plugin/path_mark_plugin_autogen/S4CJDHEQGL/moc_path_mark_plugin.cpp:9:0[m[K,
                 from [01m[K/opt/autolabor/ros/catkin_ws/build/path_mark_plugin/path_mark_plugin_autogen/mocs_compilation.cpp:2[m[K:
[01m[K/opt/autolabor/ros/catkin_ws/build/path_mark_plugin/path_mark_plugin_autogen/S4CJDHEQGL/../../../../../../../../home/autolabor/catkin_ws/src/navigation/path_mark_plugin/include/path_mark_plugin/path_mark_plugin.h:55:9:[m[K [01;31m[Kerror: [m[K‚Äò[01m[KQTableWidget[m[K‚Äô does not name a type; did you mean ‚Äò[01m[KQWidget[m[K‚Äô?
         [01;31m[KQTableWidget[m[K *poseArray_table_;
         [01;31m[K^~~~~~~~~~~~[m[K
         [32m[KQWidget[m[K
[01m[K/opt/autolabor/ros/catkin_ws/build/path_mark_plugin/path_mark_plugin_autogen/S4CJDHEQGL/../../../../../../../../home/autolabor/catkin_ws/src/navigation/path_mark_plugin/include/path_mark_plugin/path_mark_plugin.h:56:9:[m[K [01;31m[Kerror: [m[K‚Äò[01m[KQCheckBox[m[K‚Äô does not name a type; did you mean ‚Äò[01m[KqChecksum[m[K‚Äô?
         [01;31m[KQCheckBox[m[K *cycle_checkbox_;
         [01;31m[K^~~~~~~~~[m[K
         [32m[KqChecksum[m[K
[01m[K/home/autolabor/catkin_ws/src/navigation/path_mark_plugin/src/path_mark_plugin.cpp:79:13:[m[K [01;31m[Kerror: [m[K‚Äò[01m[Kstart_task_button_[m[K‚Äô was not declared in this scope
             [01;31m[Kstart_task_button_[m[K->setEnabled(false);
             [01;31m[K^~~~~~~~~~~~~~~~~~[m[K
[01m[K/opt/autolabor/ros/catkin_ws/build/path_mark_plugin/path_mark_plugin_autogen/S4CJDHEQGL/../../../../../../../../home/autolabor/catkin_ws/src/navigation/path_mark_plugin/include/path_mark_plugin/path_mark_plugin.h:57:9:[m[K [01;31m[Kerror: [m[K‚Äò[01m[KQTableWidgetItem[m[K‚Äô does not name a type; did you mean ‚Äò[01m[KQWidgetItem[m[K‚Äô?
         [01;31m[KQTableWidgetItem[m[K*item_;
         [01;31m[K^~~~~~~~~~~~~~~~[m[K
         [32m[KQWidgetItem[m[K
[01m[K/home/autolabor/catkin_ws/src/navigation/path_mark_plugin/src/path_mark_plugin.cpp:[m[K At global scope:
[01m[K/home/autolabor/catkin_ws/src/navigation/path_mark_plugin/src/path_mark_plugin.cpp:83:10:[m[K [01;31m[Kerror: [m[K‚Äò[01m[KPathMarkPlugin[m[K‚Äô has not been declared
     void [01;31m[KPathMarkPlugin[m[K::stop_record_callback() {
          [01;31m[K^~~~~~~~~~~~~~[m[K
[01m[K/home/autolabor/catkin_ws/src/navigation/path_mark_plugin/src/path_mark_plugin.cpp:[m[K In function ‚Äò[01m[Kvoid autolabor_plugin::stop_record_callback()[m[K‚Äô:
[01m[K/home/autolabor/catkin_ws/src/navigation/path_mark_plugin/src/path_mark_plugin.cpp:85:14:[m[K [01;31m[Kerror: [m[K‚Äò[01m[Kstop_record_client_[m[K‚Äô was not declared in this scope
         if (![01;31m[Kstop_record_client_[m[K.call(msg)) {
              [01;31m[K^~~~~~~~~~~~~~~~~~~[m[K
[01m[K/home/autolabor/catkin_ws/src/navigation/path_mark_plugin/src/path_mark_plugin.cpp:85:14:[m[K [01;36m[Knote: [m[Ksuggested alternative: ‚Äò[01m[Kstop_record_callback[m[K‚Äô
         if (![01;36m[Kstop_record_client_[m[K.call(msg)) {
              [01;36m[K^~~~~~~~~~~~~~~~~~~[m[K
              [32m[Kstop_record_callback[m[K
[01m[K/home/autolabor/catkin_ws/src/navigation/path_mark_plugin/src/path_mark_plugin.cpp:88:13:[m[K [01;31m[Kerror: [m[K‚Äò[01m[Kstart_task_button_[m[K‚Äô was not declared in this scope
             [01;31m[Kstart_task_button_[m[K->setEnabled(true);
             [01;31m[K^~~~~~~~~~~~~~~~~~[m[K
[01m[K/home/autolabor/catkin_ws/src/navigation/path_mark_plugin/src/path_mark_plugin.cpp:[m[K At global scope:
[01m[K/home/autolabor/catkin_ws/src/navigation/path_mark_plugin/src/path_mark_plugin.cpp:92:10:[m[K [01;31m[Kerror: [m[K‚Äò[01m[KPathMarkPlugin[m[K‚Äô has not been declared
     void [01;31m[KPathMarkPlugin[m[K::start_task_callback() {
          [01;31m[K^~~~~~~~~~~~~~[m[K
[01m[K/home/autolabor/catkin_ws/src/navigation/path_mark_plugin/src/path_mark_plugin.cpp:[m[K In function ‚Äò[01m[Kvoid autolabor_plugin::start_task_callback()[m[K‚Äô:
[01m[K/home/autolabor/catkin_ws/src/navigation/path_mark_plugin/src/path_mark_plugin.cpp:96:63:[m[K [01;31m[Kerror: [m[K‚Äò[01m[Kgenerator_[m[K‚Äô was not declared in this scope
         msg.pose.orientation = tf::createQuaternionMsgFromYaw([01;31m[Kgenerator_[m[K.uniformReal(-M_PI, M_PI));
                                                               [01;31m[K^~~~~~~~~~[m[K
[01m[K/home/autolabor/catkin_ws/src/navigation/path_mark_plugin/src/path_mark_plugin.cpp:96:63:[m[K [01;36m[Knote: [m[Ksuggested alternative: ‚Äò[01m[Koperator|[m[K‚Äô
         msg.pose.orientation = tf::createQuaternionMsgFromYaw([01;36m[Kgenerator_[m[K.uniformReal(-M_PI, M_PI));
                                                               [01;36m[K^~~~~~~~~~[m[K
                                                               [32m[Koperator|[m[K
[01m[K/home/autolabor/catkin_ws/src/navigation/path_mark_plugin/src/path_mark_plugin.cpp:100:9:[m[K [01;31m[Kerror: [m[K‚Äò[01m[Kstart_task_pub_[m[K‚Äô was not declared in this scope
         [01;31m[Kstart_task_pub_[m[K.publish(msg);
         [01;31m[K^~~~~~~~~~~~~~~[m[K
[01m[K/home/autolabor/catkin_ws/src/navigation/path_mark_plugin/src/path_mark_plugin.cpp:100:9:[m[K [01;36m[Knote: [m[Ksuggested alternative: ‚Äò[01m[Kstart_task_callback[m[K‚Äô
         [01;36m[Kstart_task_pub_[m[K.publish(msg);
         [01;36m[K^~~~~~~~~~~~~~~[m[K
         [32m[Kstart_task_callback[m[K
[01m[K/home/autolabor/catkin_ws/src/navigation/path_mark_plugin/src/path_mark_plugin.cpp:[m[K At global scope:
[01m[K/home/autolabor/catkin_ws/src/navigation/path_mark_plugin/src/path_mark_plugin.cpp:103:10:[m[K [01;31m[Kerror: [m[K‚Äò[01m[KPathMarkPlugin[m[K‚Äô has not been declared
     void [01;31m[KPathMarkPlugin[m[K::stop_task_callback() {
          [01;31m[K^~~~~~~~~~~~~~[m[K
[01m[K/home/autolabor/catkin_ws/src/navigation/path_mark_plugin/src/path_mark_plugin.cpp:[m[K In function ‚Äò[01m[Kvoid autolabor_plugin::stop_task_callback()[m[K‚Äô:
[01m[K/home/autolabor/catkin_ws/src/navigation/path_mark_plugin/src/path_mark_plugin.cpp:106:9:[m[K [01;31m[Kerror: [m[K‚Äò[01m[Kcancel_task_pub_[m[K‚Äô was not declared in this scope
         [01;31m[Kcancel_task_pub_[m[K.publish(msg);
         [01;31m[K^~~~~~~~~~~~~~~~[m[K
[01m[K/home/autolabor/catkin_ws/src/navigation/path_mark_plugin/src/path_mark_plugin.cpp:[m[K At global scope:
[01m[K/home/autolabor/catkin_ws/src/navigation/path_mark_plugin/src/path_mark_plugin.cpp:108:10:[m[K [01;31m[Kerror: [m[K‚Äò[01m[KPathMarkPlugin[m[K‚Äô has not been declared
     void [01;31m[KPathMarkPlugin[m[K::initPoseTable(){
          [01;31m[K^~~~~~~~~~~~~~[m[K
[01m[K/home/autolabor/catkin_ws/src/navigation/path_mark_plugin/src/path_mark_plugin.cpp:[m[K In function ‚Äò[01m[Kvoid autolabor_plugin::initPoseTable()[m[K‚Äô:
[01m[K/home/autolabor/catkin_ws/src/navigation/path_mark_plugin/src/path_mark_plugin.cpp:110:9:[m[K [01;31m[Kerror: [m[K‚Äò[01m[KposeArray_table_[m[K‚Äô was not declared in this scope
         [01;31m[KposeArray_table_[m[K->clear();
         [01;31m[K^~~~~~~~~~~~~~~~[m[K
[01m[K/home/autolabor/catkin_ws/src/navigation/path_mark_plugin/src/path_mark_plugin.cpp:111:9:[m[K [01;31m[Kerror: [m[K‚Äò[01m[Kpose_array_[m[K‚Äô was not declared in this scope
         [01;31m[Kpose_array_[m[K.poses.clear();
         [01;31m[K^~~~~~~~~~~[m[K
[01m[K/home/autolabor/catkin_ws/src/navigation/path_mark_plugin/src/path_mark_plugin.cpp:112:9:[m[K [01;31m[Kerror: [m[K‚Äò[01m[KdeleteMark[m[K‚Äô was not declared in this scope
         [01;31m[KdeleteMark[m[K();
         [01;31m[K^~~~~~~~~~[m[K
[01m[K/home/autolabor/catkin_ws/src/navigation/path_mark_plugin/src/path_mark_plugin.cpp:114:68:[m[K [01;31m[Kerror: [m[K‚Äò[01m[KQHeaderView[m[K‚Äô has not been declared
         poseArray_table_->horizontalHeader()->setSectionResizeMode([01;31m[KQHeaderView[m[K::Stretch);
                                                                    [01;31m[K^~~~~~~~~~~[m[K
[01m[K/home/autolabor/catkin_ws/src/navigation/path_mark_plugin/src/path_mark_plugin.cpp:[m[K At global scope:
[01m[K/home/autolabor/catkin_ws/src/navigation/path_mark_plugin/src/path_mark_plugin.cpp:120:10:[m[K [01;31m[Kerror: [m[K‚Äò[01m[KPathMarkPlugin[m[K‚Äô has not been declared
     void [01;31m[KPathMarkPlugin[m[K::writePose(const geometry_msgs::PoseStamped::ConstPtr& msg) {
          [01;31m[K^~~~~~~~~~~~~~[m[K
[01m[K/home/autolabor/catkin_ws/src/navigation/path_mark_plugin/src/path_mark_plugin.cpp:[m[K In function ‚Äò[01m[Kvoid autolabor_plugin::writePose(const ConstPtr&)[m[K‚Äô:
[01m[K/home/autolabor/catkin_ws/src/navigation/path_mark_plugin/src/path_mark_plugin.cpp:121:19:[m[K [01;31m[Kerror: [m[K‚Äò[01m[KposeArray_table_[m[K‚Äô was not declared in this scope
         int row = [01;31m[KposeArray_table_[m[K->rowCount();
                   [01;31m[K^~~~~~~~~~~~~~~~[m[K
[01m[K/home/autolabor/catkin_ws/src/navigation/path_mark_plugin/src/path_mark_plugin.cpp:123:9:[m[K [01;31m[Kerror: [m[K‚Äò[01m[Kitem_[m[K‚Äô was not declared in this scope
         [01;31m[Kitem_[m[K->setTextAlignment(Qt::AlignCenter);
         [01;31m[K^~~~~[m[K
[01m[K/home/autolabor/catkin_ws/src/navigation/path_mark_plugin/src/path_mark_plugin.cpp:133:35:[m[K [01;31m[Kerror: [m[K‚Äò[01m[Kpose_array_[m[K‚Äô was not declared in this scope
         poseArray_table_->setItem([01;31m[Kpose_array_[m[K.poses.size() - 1, 1,
                                   [01;31m[K^~~~~~~~~~~[m[K
[01m[K/home/autolabor/catkin_ws/src/navigation/path_mark_plugin/src/path_mark_plugin.cpp:134:41:[m[K [01;31m[Kerror: [m[Kexpected type-specifier before ‚Äò[01m[KQTableWidgetItem[m[K‚Äô
                                     new [01;31m[KQTableWidgetItem[m[K(QString::number(x, 'f', 2)));
                                         [01;31m[K^~~~~~~~~~~~~~~~[m[K
[01m[K/home/autolabor/catkin_ws/src/navigation/path_mark_plugin/src/path_mark_plugin.cpp:136:41:[m[K [01;31m[Kerror: [m[Kexpected type-specifier before ‚Äò[01m[KQTableWidgetItem[m[K‚Äô
                                     new [01;31m[KQTableWidgetItem[m[K(QString::number(y, 'f', 2)));
                                         [01;31m[K^~~~~~~~~~~~~~~~[m[K
[01m[K/home/autolabor/catkin_ws/src/navigation/path_mark_plugin/src/path_mark_plugin.cpp:138:41:[m[K [01;31m[Kerror: [m[Kexpected type-specifier before ‚Äò[01m[KQTableWidgetItem[m[K‚Äô
                                     new [01;31m[KQTableWidgetItem[m[K(
                                         [01;31m[K^~~~~~~~~~~~~~~~[m[K
In file included from [01m[K/opt/ros/melodic/include/class_loader/class_loader.hpp:47:0[m[K,
                 from [01m[K/opt/ros/melodic/include/pluginlib/./class_list_macros.hpp:40[m[K,
                 from [01m[K/opt/ros/melodic/include/pluginlib/class_list_macros.h:35[m[K,
                 from [01m[K/home/autolabor/catkin_ws/src/navigation/path_mark_plugin/src/path_mark_plugin.cpp:145[m[K:
[01m[K/home/autolabor/catkin_ws/src/navigation/path_mark_plugin/src/path_mark_plugin.cpp:[m[K At global scope:
[01m[K/home/autolabor/catkin_ws/src/navigation/path_mark_plugin/src/path_mark_plugin.cpp:147:42:[m[K [01;31m[Kerror: [m[K‚Äò[01m[KPathMarkPlugin[m[K‚Äô in namespace ‚Äò[01m[Kautolabor_plugin[m[K‚Äô does not name a type
 PLUGINLIB_EXPORT_CLASS(autolabor_plugin::[01;31m[KP[m[KathMarkPlugin, rviz::Panel)
                                          [01;31m[K^[m[K
[01m[K/opt/ros/melodic/include/class_loader/register_macro.hpp:43:14:[m[K [01;36m[Knote: [m[Kin definition of macro ‚Äò[01m[KCLASS_LOADER_REGISTER_CLASS_INTERNAL_WITH_MESSAGE[m[K‚Äô
     typedef  [01;36m[KDerived[m[K _derived; \
              [01;36m[K^~~~~~~[m[K
[01m[K/opt/ros/melodic/include/class_loader/register_macro.hpp:63:3:[m[K [01;36m[Knote: [m[Kin expansion of macro ‚Äò[01m[KCLASS_LOADER_REGISTER_CLASS_INTERNAL_HOP1_WITH_MESSAGE[m[K‚Äô
   [01;36m[KCLASS_LOADER_REGISTER_CLASS_INTERNAL_HOP1_WITH_MESSAGE[m[K(Derived, Base, __COUNTER__, Message)
   [01;36m[K^~~~~~~~~~~~~~~~~~~~~~~~~~~~~~~~~~~~~~~~~~~~~~~~~~~~~~[m[K
[01m[K/opt/ros/melodic/include/class_loader/register_macro.hpp:70:3:[m[K [01;36m[Knote: [m[Kin expansion of macro ‚Äò[01m[KCLASS_LOADER_REGISTER_CLASS_WITH_MESSAGE[m[K‚Äô
   [01;36m[KCLASS_LOADER_REGISTER_CLASS_WITH_MESSAGE[m[K(Derived, Base, "")
   [01;36m[K^~~~~~~~~~~~~~~~~~~~~~~~~~~~~~~~~~~~~~~~[m[K
[01m[K/opt/ros/melodic/include/pluginlib/./class_list_macros.hpp:49:3:[m[K [01;36m[Knote: [m[Kin expansion of macro ‚Äò[01m[KCLASS_LOADER_REGISTER_CLASS[m[K‚Äô
   [01;36m[KCLASS_LOADER_REGISTER_CLASS[m[K(class_type, base_class_type)
   [01;36m[K^~~~~~~~~~~~~~~~~~~~~~~~~~~[m[K
[01m[K/home/autolabor/catkin_ws/src/navigation/path_mark_plugin/src/path_mark_plugin.cpp:147:1:[m[K [01;36m[Knote: [m[Kin expansion of macro ‚Äò[01m[KPLUGINLIB_EXPORT_CLASS[m[K‚Äô
 [01;36m[KP[m[KLUGINLIB_EXPORT_CLASS(autolabor_plugin::PathMarkPlugin, rviz::Panel)
 [01;36m[K^[m[K
[01m[K/home/autolabor/catkin_ws/src/navigation/path_mark_plugin/src/path_mark_plugin.cpp:[m[K In constructor ‚Äò[01m[K{anonymous}::ProxyExec0::ProxyExec0()[m[K‚Äô:
[01m[K/opt/ros/melodic/include/class_loader/register_macro.hpp:49:42:[m[K [01;31m[Kerror: [m[K‚Äò[01m[K_derived[m[K‚Äô was not declared in this scope
       class_loader::impl::registerPlugin<[01;31m[K_[m[Kderived, _base>(#Derived, #Base); \
                                          [01;31m[K^[m[K
[01m[K/opt/ros/melodic/include/class_loader/register_macro.hpp:49:42:[m[K [01;36m[Knote: [m[Kin definition of macro ‚Äò[01m[KCLASS_LOADER_REGISTER_CLASS_INTERNAL_WITH_MESSAGE[m[K‚Äô
       class_loader::impl::registerPlugin<[01;36m[K_derived[m[K, _base>(#Derived, #Base); \
                                          [01;36m[K^~~~~~~~[m[K
[01m[K/opt/ros/melodic/include/class_loader/register_macro.hpp:63:3:[m[K [01;36m[Knote: [m[Kin expansion of macro ‚Äò[01m[KCLASS_LOADER_REGISTER_CLASS_INTERNAL_HOP1_WITH_MESSAGE[m[K‚Äô
   [01;36m[KCLASS_LOADER_REGISTER_CLASS_INTERNAL_HOP1_WITH_MESSAGE[m[K(Derived, Base, __COUNTER__, Message)
   [01;36m[K^~~~~~~~~~~~~~~~~~~~~~~~~~~~~~~~~~~~~~~~~~~~~~~~~~~~~~[m[K
[01m[K/opt/ros/melodic/include/class_loader/register_macro.hpp:70:3:[m[K [01;36m[Knote: [m[Kin expansion of macro ‚Äò[01m[KCLASS_LOADER_REGISTER_CLASS_WITH_MESSAGE[m[K‚Äô
   [01;36m[KCLASS_LOADER_REGISTER_CLASS_WITH_MESSAGE[m[K(Derived, Base, "")
   [01;36m[K^~~~~~~~~~~~~~~~~~~~~~~~~~~~~~~~~~~~~~~~[m[K
[01m[K/opt/ros/melodic/include/pluginlib/./class_list_macros.hpp:49:3:[m[K [01;36m[Knote: [m[Kin expansion of macro ‚Äò[01m[KCLASS_LOADER_REGISTER_CLASS[m[K‚Äô
   [01;36m[KCLASS_LOADER_REGISTER_CLASS[m[K(class_type, base_class_type)
   [01;36m[K^~~~~~~~~~~~~~~~~~~~~~~~~~~[m[K
[01m[K/home/autolabor/catkin_ws/src/navigation/path_mark_plugin/src/path_mark_plugin.cpp:147:1:[m[K [01;36m[Knote: [m[Kin expansion of macro ‚Äò[01m[KPLUGINLIB_EXPORT_CLASS[m[K‚Äô
 [01;36m[KP[m[KLUGINLIB_EXPORT_CLASS(autolabor_plugin::PathMarkPlugin, rviz::Panel)
 [01;36m[K^[m[K
[01m[K/opt/ros/melodic/include/class_loader/register_macro.hpp:49:74:[m[K [01;31m[Kerror: [m[Kno matching function for call to ‚Äò[01m[KregisterPlugin<<expression error>, {anonymous}::ProxyExec0::_base>(const char [33], const char [12])[m[K‚Äô
       class_loader::impl::registerPlugin<_derived, _base>(#Derived, #Base[01;31m[K)[m[K; \
                                                                          [01;31m[K^[m[K
[01m[K/opt/ros/melodic/include/class_loader/register_macro.hpp:56:3:[m[K [01;36m[Knote: [m[Kin expansion of macro ‚Äò[01m[KCLASS_LOADER_REGISTER_CLASS_INTERNAL_WITH_MESSAGE[m[K‚Äô
   [01;36m[KCLASS_LOADER_REGISTER_CLASS_INTERNAL_WITH_MESSAGE[m[K(Derived, Base, UniqueID, Message)
   [01;36m[K^~~~~~~~~~~~~~~~~~~~~~~~~~~~~~~~~~~~~~~~~~~~~~~~~[m[K
[01m[K/opt/ros/melodic/include/class_loader/register_macro.hpp:63:3:[m[K [01;36m[Knote: [m[Kin expansion of macro ‚Äò[01m[KCLASS_LOADER_REGISTER_CLASS_INTERNAL_HOP1_WITH_MESSAGE[m[K‚Äô
   [01;36m[KCLASS_LOADER_REGISTER_CLASS_INTERNAL_HOP1_WITH_MESSAGE[m[K(Derived, Base, __COUNTER__, Message)
   [01;36m[K^~~~~~~~~~~~~~~~~~~~~~~~~~~~~~~~~~~~~~~~~~~~~~~~~~~~~~[m[K
[01m[K/opt/ros/melodic/include/class_loader/register_macro.hpp:70:3:[m[K [01;36m[Knote: [m[Kin expansion of macro ‚Äò[01m[KCLASS_LOADER_REGISTER_CLASS_WITH_MESSAGE[m[K‚Äô
   [01;36m[KCLASS_LOADER_REGISTER_CLASS_WITH_MESSAGE[m[K(Derived, Base, "")
   [01;36m[K^~~~~~~~~~~~~~~~~~~~~~~~~~~~~~~~~~~~~~~~[m[K
[01m[K/opt/ros/melodic/include/pluginlib/./class_list_macros.hpp:49:3:[m[K [01;36m[Knote: [m[Kin expansion of macro ‚Äò[01m[KCLASS_LOADER_REGISTER_CLASS[m[K‚Äô
   [01;36m[KCLASS_LOADER_REGISTER_CLASS[m[K(class_type, base_class_type)
   [01;36m[K^~~~~~~~~~~~~~~~~~~~~~~~~~~[m[K
[01m[K/home/autolabor/catkin_ws/src/navigation/path_mark_plugin/src/path_mark_plugin.cpp:147:1:[m[K [01;36m[Knote: [m[Kin expansion of macro ‚Äò[01m[KPLUGINLIB_EXPORT_CLASS[m[K‚Äô
 [01;36m[KP[m[KLUGINLIB_EXPORT_CLASS(autolabor_plugin::PathMarkPlugin, rviz::Panel)
 [01;36m[K^[m[K
In file included from [01m[K/opt/ros/melodic/include/class_loader/class_loader.hpp:46:0[m[K,
                 from [01m[K/opt/ros/melodic/include/pluginlib/./class_list_macros.hpp:40[m[K,
                 from [01m[K/opt/ros/melodic/include/pluginlib/class_list_macros.h:35[m[K,
                 from [01m[K/home/autolabor/catkin_ws/src/navigation/path_mark_plugin/src/path_mark_plugin.cpp:145[m[K:
[01m[K/opt/ros/melodic/include/class_loader/class_loader_core.hpp:172:6:[m[K [01;36m[Knote: [m[Kcandidate: template<class Derived, class Base> void class_loader::impl::registerPlugin(const string&, const string&)
 void [01;36m[KregisterPlugin[m[K(const std::string & class_name, const std::string & base_class_name)
      [01;36m[K^~~~~~~~~~~~~~[m[K
[01m[K/opt/ros/melodic/include/class_loader/class_loader_core.hpp:172:6:[m[K [01;36m[Knote: [m[K  template argument deduction/substitution failed:
In file included from [01m[K/opt/ros/melodic/include/class_loader/class_loader.hpp:47:0[m[K,
                 from [01m[K/opt/ros/melodic/include/pluginlib/./class_list_macros.hpp:40[m[K,
                 from [01m[K/opt/ros/melodic/include/pluginlib/class_list_macros.h:35[m[K,
                 from [01m[K/home/autolabor/catkin_ws/src/navigation/path_mark_plugin/src/path_mark_plugin.cpp:145[m[K:
[01m[K/opt/ros/melodic/include/class_loader/register_macro.hpp:49:74:[m[K [01;31m[Kerror: [m[Ktemplate argument 1 is invalid
       class_loader::impl::registerPlugin<_derived, _base>(#Derived, #Base[01;31m[K)[m[K; \
                                                                          [01;31m[K^[m[K
[01m[K/opt/ros/melodic/include/class_loader/register_macro.hpp:56:3:[m[K [01;36m[Knote: [m[Kin expansion of macro ‚Äò[01m[KCLASS_LOADER_REGISTER_CLASS_INTERNAL_WITH_MESSAGE[m[K‚Äô
   [01;36m[KCLASS_LOADER_REGISTER_CLASS_INTERNAL_WITH_MESSAGE[m[K(Derived, Base, UniqueID, Message)
   [01;36m[K^~~~~~~~~~~~~~~~~~~~~~~~~~~~~~~~~~~~~~~~~~~~~~~~~[m[K
[01m[K/opt/ros/melodic/include/class_loader/register_macro.hpp:63:3:[m[K [01;36m[Knote: [m[Kin expansion of macro ‚Äò[01m[KCLASS_LOADER_REGISTER_CLASS_INTERNAL_HOP1_WITH_MESSAGE[m[K‚Äô
   [01;36m[KCLASS_LOADER_REGISTER_CLASS_INTERNAL_HOP1_WITH_MESSAGE[m[K(Derived, Base, __COUNTER__, Message)
   [01;36m[K^~~~~~~~~~~~~~~~~~~~~~~~~~~~~~~~~~~~~~~~~~~~~~~~~~~~~~[m[K
[01m[K/opt/ros/melodic/include/class_loader/register_macro.hpp:70:3:[m[K [01;36m[Knote: [m[Kin expansion of macro ‚Äò[01m[KCLASS_LOADER_REGISTER_CLASS_WITH_MESSAGE[m[K‚Äô
   [01;36m[KCLASS_LOADER_REGISTER_CLASS_WITH_MESSAGE[m[K(Derived, Base, "")
   [01;36m[K^~~~~~~~~~~~~~~~~~~~~~~~~~~~~~~~~~~~~~~~[m[K
[01m[K/opt/ros/melodic/include/pluginlib/./class_list_macros.hpp:49:3:[m[K [01;36m[Knote: [m[Kin expansion of macro ‚Äò[01m[KCLASS_LOADER_REGISTER_CLASS[m[K‚Äô
   [01;36m[KCLASS_LOADER_REGISTER_CLASS[m[K(class_type, base_class_type)
   [01;36m[K^~~~~~~~~~~~~~~~~~~~~~~~~~~[m[K
[01m[K/home/autolabor/catkin_ws/src/navigation/path_mark_plugin/src/path_mark_plugin.cpp:147:1:[m[K [01;36m[Knote: [m[Kin expansion of macro ‚Äò[01m[KPLUGINLIB_EXPORT_CLASS[m[K‚Äô
 [01;36m[KP[m[KLUGINLIB_EXPORT_CLASS(autolabor_plugin::PathMarkPlugin, rviz::Panel)
 [01;36m[K^[m[K
make[2]: *** [CMakeFiles/path_mark_plugin.dir/path_mark_plugin_autogen/mocs_compilation.cpp.o] Error 1
make[2]: *** Ê≠£Âú®Á≠âÂæÖÊú™ÂÆåÊàêÁöÑ‰ªªÂä°....
make[2]: *** [CMakeFiles/path_mark_plugin.dir/src/path_mark_plugin.cpp.o] Error 1
make[1]: *** [CMakeFiles/path_mark_plugin.dir/all] Error 2
make: *** [all] Error 2
