In file included from [01m[K/home/autolabor/catkin_ws/src/navigation/path_mark_plugin/src/path_mark_plugin.cpp:8:0[m[K:
[01m[K/home/autolabor/catkin_ws/src/navigation/path_mark_plugin/include/path_mark_plugin/path_mark_plugin.h:119:7:[m[K [01;31m[Kerror: [m[Kâ€˜[01m[Kthread[m[Kâ€™ in namespace â€˜[01m[Kstd[m[Kâ€™ does not name a type
  std::[01;31m[Kthread[m[K photo_thread;
       [01;31m[K^~~~~~[m[K
[01m[K/home/autolabor/catkin_ws/src/navigation/path_mark_plugin/src/path_mark_plugin.cpp:[m[K In lambda function:
[01m[K/home/autolabor/catkin_ws/src/navigation/path_mark_plugin/src/path_mark_plugin.cpp:227:8:[m[K [01;31m[Kerror: [m[Kâ€˜[01m[Kthis[m[Kâ€™ was not captured for this lambda function
  while([01;31m[Kis_running[m[K){
        [01;31m[K^~~~~~~~~~[m[K
[01m[K/home/autolabor/catkin_ws/src/navigation/path_mark_plugin/src/path_mark_plugin.cpp:227:8:[m[K [01;31m[Kerror: [m[Kinvalid use of non-static data member â€˜[01m[Kautolabor_plugin1::PathMarkPlugin::is_running[m[Kâ€™
In file included from [01m[K/home/autolabor/catkin_ws/src/navigation/path_mark_plugin/src/path_mark_plugin.cpp:8:0[m[K:
[01m[K/home/autolabor/catkin_ws/src/navigation/path_mark_plugin/include/path_mark_plugin/path_mark_plugin.h:118:20:[m[K [01;36m[Knote: [m[Kdeclared here
  std::atomic<bool> [01;36m[Kis_running[m[K;
                    [01;36m[K^~~~~~~~~~[m[K
[01m[K/home/autolabor/catkin_ws/src/navigation/path_mark_plugin/src/path_mark_plugin.cpp:[m[K In member function â€˜[01m[Kvoid autolabor_plugin1::PathMarkPlugin::photo_task_button_callback()[m[Kâ€™:
[01m[K/home/autolabor/catkin_ws/src/navigation/path_mark_plugin/src/path_mark_plugin.cpp:225:2:[m[K [01;31m[Kerror: [m[Kâ€˜[01m[Kphoto_thread[m[Kâ€™ was not declared in this scope
  [01;31m[Kphoto_thread[m[K([](){
  [01;31m[K^~~~~~~~~~~~[m[K
[01m[K/home/autolabor/catkin_ws/src/navigation/path_mark_plugin/src/path_mark_plugin.cpp:225:2:[m[K [01;36m[Knote: [m[Ksuggested alternative: â€˜[01m[Kthread[m[Kâ€™
  [01;36m[Kphoto_thread[m[K([](){
  [01;36m[K^~~~~~~~~~~~[m[K
  [32m[Kthread[m[K
[01m[K/home/autolabor/catkin_ws/src/navigation/path_mark_plugin/src/path_mark_plugin.cpp:[m[K In member function â€˜[01m[Kvoid autolabor_plugin1::PathMarkPlugin::stop_task_callback()[m[Kâ€™:
[01m[K/home/autolabor/catkin_ws/src/navigation/path_mark_plugin/src/path_mark_plugin.cpp:237:2:[m[K [01;31m[Kerror: [m[Kâ€˜[01m[Kphoto_thread[m[Kâ€™ was not declared in this scope
  [01;31m[Kphoto_thread[m[K.join();
  [01;31m[K^~~~~~~~~~~~[m[K
[01m[K/home/autolabor/catkin_ws/src/navigation/path_mark_plugin/src/path_mark_plugin.cpp:237:2:[m[K [01;36m[Knote: [m[Ksuggested alternative: â€˜[01m[Kthread[m[Kâ€™
  [01;36m[Kphoto_thread[m[K.join();
  [01;36m[K^~~~~~~~~~~~[m[K
  [32m[Kthread[m[K
In file included from [01m[K/opt/autolabor/ros/catkin_ws/build/path_mark_plugin/path_mark_plugin_autogen/S4CJDHEQGL/moc_path_mark_plugin.cpp:9:0[m[K,
                 from [01m[K/opt/autolabor/ros/catkin_ws/build/path_mark_plugin/path_mark_plugin_autogen/mocs_compilation.cpp:2[m[K:
[01m[K/opt/autolabor/ros/catkin_ws/build/path_mark_plugin/path_mark_plugin_autogen/S4CJDHEQGL/../../../../../../../../home/autolabor/catkin_ws/src/navigation/path_mark_plugin/include/path_mark_plugin/path_mark_plugin.h:119:7:[m[K [01;31m[Kerror: [m[Kâ€˜[01m[Kthread[m[Kâ€™ in namespace â€˜[01m[Kstd[m[Kâ€™ does not name a type
  std::[01;31m[Kthread[m[K photo_thread;
       [01;31m[K^~~~~~[m[K
make[2]: *** [CMakeFiles/path_mark_plugin.dir/path_mark_plugin_autogen/mocs_compilation.cpp.o] Error 1
make[2]: *** æ­£åœ¨ç­‰å¾…æœªå®Œæˆçš„ä»»åŠ¡....
make[2]: *** [CMakeFiles/path_mark_plugin.dir/src/path_mark_plugin.cpp.o] Error 1
make[1]: *** [CMakeFiles/path_mark_plugin.dir/all] Error 2
make: *** [all] Error 2
