[35m[1mConsolidate compiler generated dependencies of target photo_point[0m
[ 50%] [32mBuilding CXX object CMakeFiles/photo_point.dir/src/photo_point.cpp.o[0m
In file included from [01m[K/home/autolabor/catkin_ws/src/navigation/photo_point/src/photo_point.cpp:16:0[m[K:
[01m[K/home/autolabor/catkin_ws/src/navigation/photo_point/include/photo_point/photo_point.h:44:2:[m[K [01;31m[Kerror: [m[Kâ€˜[01m[Krandom_numbers[m[Kâ€™ does not name a type; did you mean â€˜[01m[Krandom_r[m[Kâ€™?
  [01;31m[Krandom_numbers[m[K::RandomNumberGenerator generator_;
  [01;31m[K^~~~~~~~~~~~~~[m[K
  [32m[Krandom_r[m[K
[01m[K/home/autolabor/catkin_ws/src/navigation/photo_point/src/photo_point.cpp:[m[K In function â€˜[01m[Kvoid photo_point::callback(const ConstPtr&)[m[Kâ€™:
[01m[K/home/autolabor/catkin_ws/src/navigation/photo_point/src/photo_point.cpp:22:20:[m[K [01;31m[Kerror: [m[Kâ€˜[01m[Knh_[m[Kâ€™ was not declared in this scope
  start_task_pub_ = [01;31m[Knh_[m[K.advertise<geometry_msgs::PoseStamped>("move_base_simple/goal", 1);
                    [01;31m[K^~~[m[K
[01m[K/home/autolabor/catkin_ws/src/navigation/photo_point/src/photo_point.cpp:22:60:[m[K [01;31m[Kerror: [m[Kexpected primary-expression before â€˜[01m[K>[m[Kâ€™ token
  start_task_pub_ = nh_.advertise<geometry_msgs::PoseStamped[01;31m[K>[m[K("move_base_simple/goal", 1);
                                                            [01;31m[K^[m[K
[01m[K/home/autolabor/catkin_ws/src/navigation/photo_point/src/photo_point.cpp:23:60:[m[K [01;31m[Kerror: [m[Kexpected primary-expression before â€˜[01m[K>[m[Kâ€™ token
     cancel_task_pub_ = nh_.advertise<actionlib_msgs::GoalID[01;31m[K>[m[K("move_base/cancel", 1);
                                                            [01;31m[K^[m[K
[01m[K/home/autolabor/catkin_ws/src/navigation/photo_point/src/photo_point.cpp:91:30:[m[K [01;31m[Kerror: [m[Kconflicting declaration â€˜[01m[Kgeometry_msgs::PoseStamped msg[m[Kâ€™
   geometry_msgs::PoseStamped [01;31m[Kmsg[m[K;
                              [01;31m[K^~~[m[K
[01m[K/home/autolabor/catkin_ws/src/navigation/photo_point/src/photo_point.cpp:82:26:[m[K [01;36m[Knote: [m[Kprevious declaration as â€˜[01m[Kactionlib_msgs::GoalID msg[m[Kâ€™
   actionlib_msgs::GoalID [01;36m[Kmsg[m[K;
                          [01;36m[K^~~[m[K
[01m[K/home/autolabor/catkin_ws/src/navigation/photo_point/src/photo_point.cpp:92:13:[m[K [01;31m[Kerror: [m[Kâ€˜[01m[Kactionlib_msgs::GoalID {aka struct actionlib_msgs::GoalID_<std::allocator<void> >}[m[Kâ€™ has no member named â€˜[01m[Kheader[m[Kâ€™
         msg.[01;31m[Kheader[m[K.stamp = ros::Time::now();
             [01;31m[K^~~~~~[m[K
[01m[K/home/autolabor/catkin_ws/src/navigation/photo_point/src/photo_point.cpp:93:13:[m[K [01;31m[Kerror: [m[Kâ€˜[01m[Kactionlib_msgs::GoalID {aka struct actionlib_msgs::GoalID_<std::allocator<void> >}[m[Kâ€™ has no member named â€˜[01m[Kheader[m[Kâ€™
         msg.[01;31m[Kheader[m[K.frame_id = "map";
             [01;31m[K^~~~~~[m[K
[01m[K/home/autolabor/catkin_ws/src/navigation/photo_point/src/photo_point.cpp:94:13:[m[K [01;31m[Kerror: [m[Kâ€˜[01m[Kactionlib_msgs::GoalID {aka struct actionlib_msgs::GoalID_<std::allocator<void> >}[m[Kâ€™ has no member named â€˜[01m[Kpose[m[Kâ€™
         msg.[01;31m[Kpose[m[K.orientation = tf::createQuaternionMsgFromYaw(generator_.uniformReal(-M_PI, M_PI));
             [01;31m[K^~~~[m[K
[01m[K/home/autolabor/catkin_ws/src/navigation/photo_point/src/photo_point.cpp:94:63:[m[K [01;31m[Kerror: [m[Kâ€˜[01m[Kgenerator_[m[Kâ€™ was not declared in this scope
         msg.pose.orientation = tf::createQuaternionMsgFromYaw([01;31m[Kgenerator_[m[K.uniformReal(-M_PI, M_PI));
                                                               [01;31m[K^~~~~~~~~~[m[K
[01m[K/home/autolabor/catkin_ws/src/navigation/photo_point/src/photo_point.cpp:94:63:[m[K [01;36m[Knote: [m[Ksuggested alternative: â€˜[01m[Koperator<<[m[Kâ€™
         msg.pose.orientation = tf::createQuaternionMsgFromYaw([01;36m[Kgenerator_[m[K.uniformReal(-M_PI, M_PI));
                                                               [01;36m[K^~~~~~~~~~[m[K
                                                               [32m[Koperator<<[m[K
[01m[K/home/autolabor/catkin_ws/src/navigation/photo_point/src/photo_point.cpp:95:13:[m[K [01;31m[Kerror: [m[Kâ€˜[01m[Kactionlib_msgs::GoalID {aka struct actionlib_msgs::GoalID_<std::allocator<void> >}[m[Kâ€™ has no member named â€˜[01m[Kpose[m[Kâ€™
         msg.[01;31m[Kpose[m[K.position.x = generator_.uniformReal(-100, 100);
             [01;31m[K^~~~[m[K
[01m[K/home/autolabor/catkin_ws/src/navigation/photo_point/src/photo_point.cpp:96:13:[m[K [01;31m[Kerror: [m[Kâ€˜[01m[Kactionlib_msgs::GoalID {aka struct actionlib_msgs::GoalID_<std::allocator<void> >}[m[Kâ€™ has no member named â€˜[01m[Kpose[m[Kâ€™
         msg.[01;31m[Kpose[m[K.position.y = generator_.uniformReal(-100, 100);
             [01;31m[K^~~~[m[K
[01m[K/home/autolabor/catkin_ws/src/navigation/photo_point/src/photo_point.cpp:97:13:[m[K [01;31m[Kerror: [m[Kâ€˜[01m[Kactionlib_msgs::GoalID {aka struct actionlib_msgs::GoalID_<std::allocator<void> >}[m[Kâ€™ has no member named â€˜[01m[Kpose[m[Kâ€™
         msg.[01;31m[Kpose[m[K.position.z = generator_.uniformReal(-100, 100);
             [01;31m[K^~~~[m[K
CMakeFiles/photo_point.dir/build.make:75: recipe for target 'CMakeFiles/photo_point.dir/src/photo_point.cpp.o' failed
make[2]: *** [CMakeFiles/photo_point.dir/src/photo_point.cpp.o] Error 1
CMakeFiles/Makefile2:2292: recipe for target 'CMakeFiles/photo_point.dir/all' failed
make[1]: *** [CMakeFiles/photo_point.dir/all] Error 2
Makefile:145: recipe for target 'all' failed
make: *** [all] Error 2
