[01m[K/home/autolabor/catkin_ws/src/navigation/photo_point/src/photo_point.cpp:[m[K In function â€˜[01m[Kint main(int, char**)[m[Kâ€™:
[01m[K/home/autolabor/catkin_ws/src/navigation/photo_point/src/photo_point.cpp:107:2:[m[K [01;31m[Kerror: [m[Kâ€˜[01m[Kstart_task_pub_[m[Kâ€™ was not declared in this scope
  [01;31m[Kstart_task_pub_[m[K = nh_.advertise<geometry_msgs::PoseStamped>("move_base_simple/goal", 1);
  [01;31m[K^~~~~~~~~~~~~~~[m[K
[01m[K/home/autolabor/catkin_ws/src/navigation/photo_point/src/photo_point.cpp:107:2:[m[K [01;36m[Knote: [m[Ksuggested alternative:
In file included from [01m[K/home/autolabor/catkin_ws/src/navigation/photo_point/src/photo_point.cpp:16:0[m[K:
[01m[K/home/autolabor/catkin_ws/src/navigation/photo_point/include/photo_point/photo_point.h:47:17:[m[K [01;36m[Knote: [m[K  â€˜[01m[Kphoto_point::start_task_pub_[m[Kâ€™
  ros::Publisher [01;36m[Kstart_task_pub_[m[K, cancel_task_pub_;
                 [01;36m[K^~~~~~~~~~~~~~~[m[K
[01m[K/home/autolabor/catkin_ws/src/navigation/photo_point/src/photo_point.cpp:108:5:[m[K [01;31m[Kerror: [m[Kâ€˜[01m[Kcancel_task_pub_[m[Kâ€™ was not declared in this scope
     [01;31m[Kcancel_task_pub_[m[K = nh_.advertise<actionlib_msgs::GoalID>("move_base/cancel", 1);
     [01;31m[K^~~~~~~~~~~~~~~~[m[K
[01m[K/home/autolabor/catkin_ws/src/navigation/photo_point/src/photo_point.cpp:108:5:[m[K [01;36m[Knote: [m[Ksuggested alternative:
In file included from [01m[K/home/autolabor/catkin_ws/src/navigation/photo_point/src/photo_point.cpp:16:0[m[K:
[01m[K/home/autolabor/catkin_ws/src/navigation/photo_point/include/photo_point/photo_point.h:47:34:[m[K [01;36m[Knote: [m[K  â€˜[01m[Kphoto_point::cancel_task_pub_[m[Kâ€™
  ros::Publisher start_task_pub_, [01;36m[Kcancel_task_pub_[m[K;
                                  [01;36m[K^~~~~~~~~~~~~~~~[m[K
make[2]: *** [CMakeFiles/photo_point.dir/src/photo_point.cpp.o] Error 1
make[1]: *** [CMakeFiles/photo_point.dir/all] Error 2
make: *** [all] Error 2
